<?xml version="1.0" encoding="UTF-8"?><testsuite name="nosetests" tests="6" errors="0" failures="0" skip="0"><testcase classname="sample_nose_test" name="test_sample_nosetest" time="0.001"></testcase><testcase classname="sample_nose_test" name="test_sum_2pos_num" time="0.000"></testcase><testcase classname="sample_nose_test" name="test_sum_1pos_and_1neg_num" time="0.000"></testcase><testcase classname="sample_nose_test" name="test_using_ok" time="0.001"></testcase><testcase classname="sample_nose_test" name="test_using_eq" time="0.001"></testcase><testcase classname="sample_nose_test" name="test_using_raises" time="0.000"></testcase></testsuite>